===============================================================
Gobuster v3.3
by OJ Reeves (@TheColonial) & Christian Mehlmauer (@firefart)
===============================================================
[+] Url:                     http://10.10.11.166
[+] Method:                  GET
[+] Threads:                 100
[+] Wordlist:                /usr/share/wordlists/dirbuster/directory-list-2.3-medium.txt
[+] Negative Status codes:   404
[+] User Agent:              gobuster/3.3
[+] Extensions:              js,sh,php,csv,md,json,html,py,txt
[+] Timeout:                 10s
===============================================================
2023/01/11 05:08:40 Starting gobuster in directory enumeration mode
===============================================================
[2K/index.html           (Status: 200) [Size: 5480]
[2K/assets               (Status: 301) [Size: 185] [--> http://10.10.11.166/assets/]
[2K/css                  (Status: 301) [Size: 185] [--> http://10.10.11.166/css/]
[2K/js                   (Status: 301) [Size: 185] [--> http://10.10.11.166/js/]
===============================================================
2023/01/11 05:14:11 Finished
===============================================================
