===============================================================
Gobuster v3.4
by OJ Reeves (@TheColonial) & Christian Mehlmauer (@firefart)
===============================================================
[+] Url:                     https://broscience.htb
[+] Method:                  GET
[+] Threads:                 100
[+] Wordlist:                /usr/share/seclists/Discovery/Web-Content/directory-list-2.3-medium.txt
[+] Negative Status codes:   404
[+] User Agent:              gobuster/3.4
[+] Timeout:                 10s
===============================================================
2023/02/04 09:49:44 Starting gobuster in directory enumeration mode
===============================================================
[2K/images               (Status: 301) [Size: 319] [--> https://broscience.htb/images/]
[2K/includes             (Status: 301) [Size: 321] [--> https://broscience.htb/includes/]
[2K/manual               (Status: 301) [Size: 319] [--> https://broscience.htb/manual/]
[2K/javascript           (Status: 301) [Size: 323] [--> https://broscience.htb/javascript/]
[2K/styles               (Status: 301) [Size: 319] [--> https://broscience.htb/styles/]
[2K/server-status        (Status: 403) [Size: 280]

===============================================================
2023/02/04 10:14:30 Finished
===============================================================
