===============================================================
Gobuster v3.3
by OJ Reeves (@TheColonial) & Christian Mehlmauer (@firefart)
===============================================================
[+] Url:                     http://stocker.htb
[+] Method:                  GET
[+] Threads:                 100
[+] Wordlist:                /usr/share/seclists/Discovery/Web-Content/common.txt
[+] Negative Status codes:   404
[+] User Agent:              gobuster/3.3
[+] Extensions:              json,html,py,md,js,sh,txt,php,csv
[+] Timeout:                 10s
===============================================================
2023/01/26 14:17:34 Starting gobuster in directory enumeration mode
===============================================================
[2K/css                  (Status: 301) [Size: 178] [--> http://stocker.htb/css/]
[2K/favicon.ico          (Status: 200) [Size: 1150]
[2K/fonts                (Status: 301) [Size: 178] [--> http://stocker.htb/fonts/]
[2K/img                  (Status: 301) [Size: 178] [--> http://stocker.htb/img/]
[2K/index.html           (Status: 200) [Size: 15463]
[2K/index.html           (Status: 200) [Size: 15463]
[2K/js                   (Status: 301) [Size: 178] [--> http://stocker.htb/js/]
===============================================================
2023/01/26 14:18:15 Finished
===============================================================
