===============================================================
Gobuster v3.3
by OJ Reeves (@TheColonial) & Christian Mehlmauer (@firefart)
===============================================================
[+] Url:                     http://stocker.htb
[+] Method:                  GET
[+] Threads:                 100
[+] Wordlist:                /usr/share/wordlists/dirbuster/directory-list-2.3-medium.txt
[+] Negative Status codes:   404
[+] User Agent:              gobuster/3.3
[+] Extensions:              txt,php,csv,md,json,js,html,py,sh
[+] Timeout:                 10s
===============================================================
2023/01/26 14:20:51 Starting gobuster in directory enumeration mode
===============================================================
[2K/index.html           (Status: 200) [Size: 15463]
[2K/img                  (Status: 301) [Size: 178] [--> http://stocker.htb/img/]
[2K/css                  (Status: 301) [Size: 178] [--> http://stocker.htb/css/]
[2K/js                   (Status: 301) [Size: 178] [--> http://stocker.htb/js/]
[2K/fonts                (Status: 301) [Size: 178] [--> http://stocker.htb/fonts/]
