===============================================================
Gobuster v3.3
by OJ Reeves (@TheColonial) & Christian Mehlmauer (@firefart)
===============================================================
[+] Url:                     http://stocker.htb
[+] Method:                  GET
[+] Threads:                 100
[+] Wordlist:                /usr/share/seclists/Discovery/Web-Content/directory-list-2.3-medium.txt
[+] Negative Status codes:   404
[+] User Agent:              gobuster/3.3
[+] Timeout:                 10s
===============================================================
2023/01/26 14:08:28 Starting gobuster in directory enumeration mode
===============================================================
[2K/img                  (Status: 301) [Size: 178] [--> http://stocker.htb/img/]
[2K/css                  (Status: 301) [Size: 178] [--> http://stocker.htb/css/]
[2K/js                   (Status: 301) [Size: 178] [--> http://stocker.htb/js/]
[2K/fonts                (Status: 301) [Size: 178] [--> http://stocker.htb/fonts/]
===============================================================
2023/01/26 14:11:20 Finished
===============================================================
