===============================================================
Gobuster v3.3
by OJ Reeves (@TheColonial) & Christian Mehlmauer (@firefart)
===============================================================
[+] Url:                     http://10.10.11.191
[+] Method:                  GET
[+] Threads:                 100
[+] Wordlist:                /usr/share/seclists/Discovery/Web-Content/directory-list-2.3-medium.txt
[+] Negative Status codes:   404
[+] User Agent:              gobuster/3.3
[+] Timeout:                 10s
===============================================================
2022/12/14 07:31:59 Starting gobuster in directory enumeration mode
===============================================================
[2K/css                  (Status: 301) [Size: 310] [--> http://10.10.11.191/css/]
[2K/js                   (Status: 301) [Size: 309] [--> http://10.10.11.191/js/]
[2K/images               (Status: 301) [Size: 313] [--> http://10.10.11.191/images/]
[2K/server-status        (Status: 403) [Size: 277]
===============================================================
2022/12/14 07:34:07 Finished
===============================================================
