===============================================================
Gobuster v3.3
by OJ Reeves (@TheColonial) & Christian Mehlmauer (@firefart)
===============================================================
[+] Url:                     http://preprod-marketing.trick.htb
[+] Method:                  GET
[+] Threads:                 100
[+] Wordlist:                /usr/share/seclists/Discovery/Web-Content/directory-list-2.3-medium.txt
[+] Negative Status codes:   404
[+] User Agent:              gobuster/3.3
[+] Timeout:                 10s
===============================================================
2023/01/11 11:59:03 Starting gobuster in directory enumeration mode
===============================================================
[2K/img                  (Status: 301) [Size: 185] [--> http://preprod-marketing.trick.htb/img/]
[2K/css                  (Status: 301) [Size: 185] [--> http://preprod-marketing.trick.htb/css/]
[2K/js                   (Status: 301) [Size: 185] [--> http://preprod-marketing.trick.htb/js/]
===============================================================
2023/01/11 11:59:42 Finished
===============================================================
